{
  "RSpec": {
    "coverage": {
      "/home/sergio/code/instatodos-api/app/controllers/application_controller.rb": [
        0,
        0
      ],
      "/home/sergio/code/instatodos-api/app/controllers/home_controller.rb": [
        0,
        0,
        0,
        0,
        0,
        0,
        0,
        0,
        0,
        0
      ],
      "/home/sergio/code/instatodos-api/app/controllers/todo_lists_controller.rb": [
        0,
        0,
        0,
        0,
        0,
        0,
        0,
        0,
        0,
        0,
        0,
        0,
        0,
        0,
        0,
        0,
        0,
        0,
        0,
        0,
        0,
        0,
        0,
        0,
        0
      ],
      "/home/sergio/code/instatodos-api/app/models/application_record.rb": [
        0,
        0,
        0
      ],
      "/home/sergio/code/instatodos-api/app/models/todo.rb": [
        0,
        0,
        0,
        0,
        0,
        0,
        0,
        0,
        0,
        0,
        0
      ],
      "/home/sergio/code/instatodos-api/app/models/todo_list.rb": [
        0,
        0,
        0,
        0,
        0,
        0,
        0,
        0,
        0,
        0
      ],
      "/home/sergio/code/instatodos-api/app/serializers/todo_list_serializer.rb": [
        0,
        0,
        0,
        0,
        0,
        0
      ],
      "/home/sergio/code/instatodos-api/app/serializers/todo_serializer.rb": [
        0,
        0,
        0,
        0,
        0,
        0
      ],
      "/home/sergio/code/instatodos-api/app/channels/application_cable/connection.rb": [
        0,
        0,
        0,
        0,
        0,
        0,
        0,
        0,
        0,
        0,
        0,
        0,
        0,
        0,
        0,
        0,
        0,
        0,
        0,
        0
      ],
      "/home/sergio/code/instatodos-api/app/channels/application_cable/channel.rb": [
        0,
        0,
        0,
        0,
        0,
        0,
        0,
        0
      ],
      "/home/sergio/code/instatodos-api/app/channels/todo_channel.rb": [
        0,
        0,
        0,
        0,
        0,
        0,
        0,
        0,
        0,
        0,
        0,
        0,
        0,
        0,
        0,
        0,
        0,
        0,
        0,
        0,
        0,
        0,
        0,
        0,
        0
      ],
      "/home/sergio/code/instatodos-api/lib/name_generator.rb": [
        0,
        0,
        0,
        0,
        0,
        0,
        0,
        0,
        0,
        0,
        0,
        0,
        0,
        0,
        0,
        0,
        0,
        0,
        0,
        0
      ]
    },
    "timestamp": 1513722302
  }
}
